2022-11-18 15:31:36,635 INFO     --------------------------------------------------------------------------------
2022-11-18 15:31:36,635 INFO     DevNIC DIAGNOSTIC LOG INITIALIZED
2022-11-18 15:31:36,635 DEBUG    SLEEPING FOR TWO SECONDS
2022-11-18 15:31:38,649 DEBUG    RESUMING PROGRAM
2022-11-18 15:31:38,649 INFO     DevNIC PROGRAM END
2022-11-18 15:31:38,649 INFO     --------------------------------------------------------------------------------
2022-11-18 15:31:38,649 INFO     Reading settings.ini...
2022-11-18 15:31:50,871 INFO     --------------------------------------------------------------------------------
2022-11-18 15:31:50,871 INFO     TD5G Live Monitor - SERVER DIAGNOSTIC LOG INITIALIZED
2022-11-18 15:31:50,871 DEBUG    SLEEPING FOR TWO SECONDS
2022-11-18 15:31:52,876 DEBUG    RESUMING PROGRAM
2022-11-18 15:31:52,876 INFO     DevNIC PROGRAM END
2022-11-18 15:31:52,876 INFO     --------------------------------------------------------------------------------
2022-11-18 15:31:52,876 INFO     Reading settings.ini...
2022-11-18 15:34:35,299 INFO     --------------------------------------------------------------------------------
2022-11-18 15:34:35,299 INFO     TD5G Live Monitor - SERVER DIAGNOSTIC LOG INITIALIZED
2022-11-18 15:34:35,299 INFO     Reading settings.ini...
2022-11-18 15:35:12,429 INFO     --------------------------------------------------------------------------------
2022-11-18 15:35:12,429 INFO     TD5G Live Monitor - SERVER DIAGNOSTIC LOG INITIALIZED
2022-11-18 15:35:12,429 INFO     Reading settings.ini...
2022-11-18 15:35:38,842 INFO     --------------------------------------------------------------------------------
2022-11-18 15:35:38,842 INFO     TD5G Live Monitor - SERVER DIAGNOSTIC LOG INITIALIZED
2022-11-18 15:35:38,842 INFO     Reading settings.ini...
2022-11-18 15:35:38,843 INFO     Starting TDLiveMonitor Server...
2022-11-18 15:35:38,843 INFO     Getting Port from settings.ini...
2022-11-18 15:35:38,843 INFO     Port acquired...
2022-11-18 15:35:38,843 INFO     Setting SERVER
2022-11-18 15:35:38,843 INFO     SERVER SET...
2022-11-18 15:35:38,843 INFO     SERVER = 64.140.216.109...
2022-11-18 15:35:38,843 INFO     Setting ADDRESS
2022-11-18 15:35:38,843 INFO     ADDRESS SET...
2022-11-18 15:35:38,843 INFO     ADDRESS = ('64.140.216.109', '45826')
2022-11-18 15:36:07,460 INFO     --------------------------------------------------------------------------------
2022-11-18 15:36:07,460 INFO     TD5G Live Monitor - SERVER DIAGNOSTIC LOG INITIALIZED
2022-11-18 15:36:07,460 INFO     Reading settings.ini...
2022-11-18 15:36:07,460 INFO     Starting TDLiveMonitor Server...
2022-11-18 15:36:07,460 INFO     Getting Port from settings.ini...
2022-11-18 15:36:07,460 INFO     Port acquired...
2022-11-18 15:36:07,460 INFO     Port: 45826
2022-11-18 15:36:07,460 INFO     Setting SERVER
2022-11-18 15:36:07,460 INFO     SERVER SET...
2022-11-18 15:36:07,460 INFO     SERVER = 64.140.216.109...
2022-11-18 15:36:07,460 INFO     Setting ADDRESS
2022-11-18 15:36:07,461 INFO     ADDRESS SET...
2022-11-18 15:36:07,461 INFO     ADDRESS = ('64.140.216.109', '45826')
2022-11-18 15:36:11,300 INFO     --------------------------------------------------------------------------------
2022-11-18 15:36:11,300 INFO     TD5G Live Monitor - SERVER DIAGNOSTIC LOG INITIALIZED
2022-11-18 15:36:11,300 INFO     Reading settings.ini...
2022-11-18 15:36:11,300 INFO     Starting TDLiveMonitor Server...
2022-11-18 15:36:11,300 INFO     Getting Port from settings.ini...
2022-11-18 15:36:11,300 INFO     Port acquired...
2022-11-18 15:36:11,300 INFO     Port: 45826
2022-11-18 15:36:11,300 INFO     Setting SERVER
2022-11-18 15:36:11,300 INFO     SERVER SET...
2022-11-18 15:36:11,300 INFO     SERVER = 64.140.216.109...
2022-11-18 15:36:11,300 INFO     Setting ADDRESS
2022-11-18 15:36:11,301 INFO     ADDRESS SET...
2022-11-18 15:36:11,301 INFO     ADDRESS = ('64.140.216.109', '45826')
2022-11-18 15:36:33,907 INFO     --------------------------------------------------------------------------------
2022-11-18 15:36:33,907 INFO     TD5G Live Monitor - SERVER DIAGNOSTIC LOG INITIALIZED
2022-11-18 15:36:33,907 INFO     Reading settings.ini...
2022-11-18 15:36:33,907 INFO     Starting TDLiveMonitor Server...
2022-11-18 15:36:33,907 INFO     Getting Port from settings.ini...
2022-11-18 15:36:33,907 INFO     Port acquired...
2022-11-18 15:36:33,907 INFO     Port: 45826...
2022-11-18 15:36:33,908 INFO     Setting SERVER...
2022-11-18 15:36:33,908 INFO     SERVER SET...
2022-11-18 15:36:33,908 INFO     SERVER = 64.140.216.109...
2022-11-18 15:36:33,908 INFO     Setting ADDRESS...
2022-11-18 15:36:33,908 INFO     ADDRESS SET...
2022-11-18 15:36:33,908 INFO     ADDRESS = ('64.140.216.109', '45826')...
2022-11-18 15:38:22,063 INFO     --------------------------------------------------------------------------------
2022-11-18 15:38:22,063 INFO     TD5G Live Monitor - SERVER DIAGNOSTIC LOG INITIALIZED
2022-11-18 15:38:22,063 INFO     Reading settings.ini...
2022-11-18 15:38:22,063 INFO     Starting TDLiveMonitor Server...
2022-11-18 15:38:22,063 INFO     Getting Port from settings.ini...
2022-11-18 15:38:22,063 INFO     Port acquired...
2022-11-18 15:38:22,063 INFO     Port: 45826...
2022-11-18 15:38:22,063 INFO     Setting SERVER...
2022-11-18 15:38:22,063 INFO     SERVER SET...
2022-11-18 15:38:22,063 INFO     SERVER = 64.140.216.109...
2022-11-18 15:38:22,063 INFO     Setting ADDRESS...
2022-11-18 15:38:22,063 INFO     ADDRESS SET...
2022-11-18 15:38:22,064 INFO     ADDRESS = ('64.140.216.109', '45826')...
2022-11-18 15:39:53,440 INFO     --------------------------------------------------------------------------------
2022-11-18 15:39:53,441 INFO     TD5G Live Monitor - SERVER DIAGNOSTIC LOG INITIALIZED
2022-11-18 15:39:53,441 INFO     Reading settings.ini...
2022-11-18 15:39:53,441 INFO     Starting TDLiveMonitor Server...
2022-11-18 15:39:53,441 INFO     Getting Port from settings.ini...
2022-11-18 15:39:53,441 INFO     Port acquired...
2022-11-18 15:39:53,441 INFO     Port: 45826...
2022-11-18 15:39:53,441 INFO     Setting HOST...
2022-11-18 15:39:53,441 INFO     HOST SET...
2022-11-18 15:39:53,441 INFO     HOST = 64.140.216.109...
2022-11-18 15:39:53,441 INFO     HOST:PORT = 64.140.216.109:45826
2022-11-18 15:40:20,617 INFO     --------------------------------------------------------------------------------
2022-11-18 15:40:20,617 INFO     TD5G Live Monitor - SERVER DIAGNOSTIC LOG INITIALIZED
2022-11-18 15:40:20,617 INFO     Reading settings.ini...
2022-11-18 15:40:20,617 INFO     Starting TDLiveMonitor Server...
2022-11-18 15:40:20,617 INFO     Getting Port from settings.ini...
2022-11-18 15:40:20,618 INFO     Port acquired...
2022-11-18 15:40:20,618 INFO     Port: 45826...
2022-11-18 15:40:20,618 INFO     Setting HOST...
2022-11-18 15:40:20,618 INFO     HOST SET...
2022-11-18 15:40:20,618 INFO     HOST = 64.140.216.109...
2022-11-18 15:40:20,618 INFO     HOST:PORT = 64.140.216.109:45826
2022-11-18 15:41:13,245 INFO     --------------------------------------------------------------------------------
2022-11-18 15:41:13,246 INFO     TD5G Live Monitor - SERVER DIAGNOSTIC LOG INITIALIZED
2022-11-18 15:41:13,246 INFO     Reading settings.ini...
2022-11-18 15:41:13,246 INFO     Starting TDLiveMonitor Server...
2022-11-18 15:41:13,246 INFO     Getting Port from settings.ini...
2022-11-18 15:41:13,246 INFO     Port acquired...
2022-11-18 15:41:13,246 INFO     Port: 45826...
2022-11-18 15:41:13,246 INFO     Setting HOST...
2022-11-18 15:41:13,246 INFO     HOST SET...
2022-11-18 15:41:13,246 INFO     HOST = 64.140.216.109...
2022-11-18 15:41:13,246 INFO     HOST:PORT = 64.140.216.109:45826
2022-11-18 15:42:00,975 INFO     --------------------------------------------------------------------------------
2022-11-18 15:42:00,975 INFO     TD5G Live Monitor - SERVER DIAGNOSTIC LOG INITIALIZED
2022-11-18 15:42:00,975 INFO     Reading settings.ini...
2022-11-18 15:42:00,975 INFO     Starting TDLiveMonitor Server...
2022-11-18 15:42:00,975 INFO     Getting Port from settings.ini...
2022-11-18 15:42:00,975 INFO     Port acquired...
2022-11-18 15:42:00,975 INFO     Port: 45826...
2022-11-18 15:42:00,975 INFO     Setting HOST...
2022-11-18 15:42:00,975 INFO     HOST SET...
2022-11-18 15:42:00,975 INFO     HOST = 127.0.0.1...
2022-11-18 15:42:00,976 INFO     HOST:PORT = 127.0.0.1:45826
2022-11-18 15:42:00,976 INFO     DevNIC PROGRAM END
2022-11-18 15:42:00,976 INFO     --------------------------------------------------------------------------------
2022-11-18 15:43:01,876 INFO     --------------------------------------------------------------------------------
2022-11-18 15:43:01,876 INFO     TD5G Live Monitor - SERVER DIAGNOSTIC LOG INITIALIZED
2022-11-18 15:43:01,876 INFO     Reading settings.ini...
2022-11-18 15:43:01,877 INFO     Starting TDLiveMonitor Server...
2022-11-18 15:43:01,877 INFO     Getting Port from settings.ini...
2022-11-18 15:43:01,877 INFO     Port acquired...
2022-11-18 15:43:01,877 INFO     Port: 45826...
2022-11-18 15:43:01,877 INFO     Setting HOST...
2022-11-18 15:43:01,877 INFO     HOST SET...
2022-11-18 15:43:01,877 INFO     HOST = 127.0.0.1...
2022-11-18 15:43:01,877 INFO     HOST:PORT = 127.0.0.1:45826
2022-11-18 15:43:01,877 INFO     LISTENING
2022-11-18 15:43:01,879 INFO     TD5G Live Monitor - server.py PROGRAM END
2022-11-18 15:43:01,879 INFO     --------------------------------------------------------------------------------
2022-11-18 15:45:19,304 INFO     --------------------------------------------------------------------------------
2022-11-18 15:45:19,304 INFO     TD5G Live Monitor - SERVER DIAGNOSTIC LOG INITIALIZED
2022-11-18 15:45:19,304 INFO     Reading settings.ini...
2022-11-18 15:45:19,305 INFO     Starting TDLiveMonitor Server...
2022-11-18 15:45:19,305 INFO     Getting Port from settings.ini...
2022-11-18 15:45:19,305 INFO     Port acquired...
2022-11-18 15:45:19,305 INFO     Port: 45826...
2022-11-18 15:45:19,305 INFO     Setting HOST...
2022-11-18 15:45:19,305 INFO     HOST SET...
2022-11-18 15:45:19,305 INFO     HOST = 127.0.0.1...
2022-11-18 15:45:19,305 INFO     HOST:PORT = 127.0.0.1:45826
2022-11-18 15:45:19,305 INFO     BINDING...
2022-11-18 15:45:19,306 INFO     BOUND...
2022-11-18 15:45:19,306 INFO     LISTENING...
2022-11-18 15:46:16,768 INFO     --------------------------------------------------------------------------------
2022-11-18 15:46:16,769 INFO     TD5G Live Monitor - SERVER DIAGNOSTIC LOG INITIALIZED
2022-11-18 15:46:16,769 INFO     Reading settings.ini...
2022-11-18 15:46:16,769 INFO     Starting TDLiveMonitor Server...
2022-11-18 15:46:16,769 INFO     Getting Port from settings.ini...
2022-11-18 15:46:16,769 INFO     Port acquired...
2022-11-18 15:46:16,769 INFO     Port: 45826...
2022-11-18 15:46:16,769 INFO     Setting HOST...
2022-11-18 15:46:16,769 INFO     HOST SET...
2022-11-18 15:46:16,769 INFO     HOST = 127.0.0.1...
2022-11-18 15:46:16,769 INFO     HOST:PORT = 127.0.0.1:45826
2022-11-18 15:46:16,770 INFO     BINDING...
2022-11-18 15:46:16,770 INFO     BOUND...
2022-11-18 15:46:16,770 INFO     LISTENING...
2022-11-18 15:47:18,421 INFO     ('127.0.0.1', 65464) CONNECTED TO SERVER
2022-11-18 15:47:18,421 INFO     TD5G Live Monitor - server.py PROGRAM END
2022-11-18 15:47:18,421 INFO     --------------------------------------------------------------------------------
2022-11-18 15:47:46,277 INFO     --------------------------------------------------------------------------------
2022-11-18 15:47:46,277 INFO     TD5G Live Monitor - SERVER DIAGNOSTIC LOG INITIALIZED
2022-11-18 15:47:46,277 INFO     Reading settings.ini...
2022-11-18 15:47:46,278 INFO     Starting TDLiveMonitor Server...
2022-11-18 15:47:46,278 INFO     Getting Port from settings.ini...
2022-11-18 15:47:46,278 INFO     Port acquired...
2022-11-18 15:47:46,278 INFO     Port: 45826...
2022-11-18 15:47:46,278 INFO     Setting HOST...
2022-11-18 15:47:46,278 INFO     HOST SET...
2022-11-18 15:47:46,278 INFO     HOST = 127.0.0.1...
2022-11-18 15:47:46,278 INFO     HOST:PORT = 127.0.0.1:45826
2022-11-18 15:47:46,278 INFO     BINDING...
2022-11-18 15:47:46,279 INFO     BOUND...
2022-11-18 15:47:46,279 INFO     LISTENING...
2022-11-18 15:47:52,679 INFO     ('127.0.0.1', 65480) CONNECTED TO SERVER
2022-11-18 15:47:52,679 INFO     TD5G Live Monitor - server.py PROGRAM END
2022-11-18 15:47:52,679 INFO     --------------------------------------------------------------------------------
2022-11-18 15:48:16,998 INFO     --------------------------------------------------------------------------------
2022-11-18 15:48:16,998 INFO     TD5G Live Monitor - SERVER DIAGNOSTIC LOG INITIALIZED
2022-11-18 15:48:16,998 INFO     Reading settings.ini...
2022-11-18 15:48:16,998 INFO     Starting TDLiveMonitor Server...
2022-11-18 15:48:16,998 INFO     Getting Port from settings.ini...
2022-11-18 15:48:16,998 INFO     Port acquired...
2022-11-18 15:48:16,998 INFO     Port: 45826...
2022-11-18 15:48:16,998 INFO     Setting HOST...
2022-11-18 15:48:16,999 INFO     HOST SET...
2022-11-18 15:48:16,999 INFO     HOST = 127.0.0.1...
2022-11-18 15:48:16,999 INFO     HOST:PORT = 127.0.0.1:45826
2022-11-18 15:48:16,999 INFO     BINDING...
2022-11-18 15:48:16,999 INFO     BOUND...
2022-11-18 15:48:17,000 INFO     LISTENING...
2022-11-18 15:48:20,430 INFO     ('127.0.0.1', 65513) CONNECTED TO SERVER
2022-11-18 15:48:20,431 INFO     TD5G Live Monitor - server.py PROGRAM END
2022-11-18 15:48:20,431 INFO     --------------------------------------------------------------------------------
2022-11-18 15:53:18,711 INFO     --------------------------------------------------------------------------------
2022-11-18 15:53:18,711 INFO     TD5G Live Monitor - SERVER DIAGNOSTIC LOG INITIALIZED
2022-11-18 15:53:18,711 INFO     Reading settings.ini...
2022-11-18 15:53:18,711 INFO     Starting TDLiveMonitor Server...
2022-11-18 15:53:18,711 INFO     Getting Port from settings.ini...
2022-11-18 15:53:18,711 INFO     Port acquired...
2022-11-18 15:53:18,711 INFO     Port: 45826...
2022-11-18 15:53:18,711 INFO     Setting HOST...
2022-11-18 15:53:18,711 INFO     HOST SET...
2022-11-18 15:53:18,711 INFO     HOST = 127.0.0.1...
2022-11-18 15:53:18,711 INFO     HOST:PORT = 127.0.0.1:45826
2022-11-18 15:53:18,713 INFO     BINDING...
2022-11-18 15:53:18,713 INFO     BOUND...
2022-11-18 15:53:18,713 INFO     LISTENING...
2022-11-18 15:53:47,821 INFO     ('127.0.0.1', 1183) CONNECTED TO SERVER
2022-11-18 15:53:47,821 INFO     TD5G Live Monitor - server.py PROGRAM END
2022-11-18 15:53:47,821 INFO     --------------------------------------------------------------------------------
2022-11-18 15:55:30,453 INFO     --------------------------------------------------------------------------------
2022-11-18 15:55:30,454 INFO     TD5G Live Monitor - SERVER DIAGNOSTIC LOG INITIALIZED
2022-11-18 15:55:30,454 INFO     Reading settings.ini...
2022-11-18 15:55:30,454 INFO     Starting TDLiveMonitor Server...
2022-11-18 15:55:30,454 INFO     Getting Port from settings.ini...
2022-11-18 15:55:30,454 INFO     Port acquired...
2022-11-18 15:55:30,454 INFO     Port: 45826...
2022-11-18 15:55:30,454 INFO     Setting HOST...
2022-11-18 15:55:30,454 INFO     HOST SET...
2022-11-18 15:55:30,454 INFO     HOST = 127.0.0.1...
2022-11-18 15:55:30,454 INFO     HOST:PORT = 127.0.0.1:45826
2022-11-18 15:55:30,455 INFO     BINDING...
2022-11-18 15:55:30,455 INFO     BOUND...
2022-11-18 15:55:30,455 INFO     LISTENING...
2022-11-18 15:55:34,630 INFO     ('127.0.0.1', 1224) CONNECTED TO SERVER
2022-11-21 07:47:11,142 INFO     --------------------------------------------------------------------------------
2022-11-21 07:47:11,142 INFO     TD5G Live Monitor - SERVER DIAGNOSTIC LOG INITIALIZED
2022-11-21 07:47:11,142 INFO     Reading settings.ini...
2022-11-21 07:47:11,143 INFO     Starting TDLiveMonitor Server...
2022-11-21 07:47:11,143 INFO     Getting Port from settings.ini...
2022-11-21 07:47:11,143 INFO     Port acquired...
2022-11-21 07:47:11,143 INFO     Port: 45826...
2022-11-21 07:47:11,143 INFO     Setting HOST...
2022-11-21 07:47:11,143 INFO     HOST SET...
2022-11-21 07:47:11,143 INFO     HOST = 127.0.0.1...
2022-11-21 07:47:11,143 INFO     HOST:PORT = 127.0.0.1:45826
2022-11-21 07:47:11,144 INFO     BINDING...
2022-11-21 07:47:11,144 INFO     BOUND...
2022-11-21 07:47:11,144 INFO     LISTENING...
2022-11-21 08:53:36,259 INFO     --------------------------------------------------------------------------------
2022-11-21 08:53:36,259 INFO     TD5G Live Monitor - SERVER DIAGNOSTIC LOG INITIALIZED
2022-11-21 08:53:36,259 INFO     Reading settings.ini...
2022-11-21 08:53:36,259 INFO     Starting TDLiveMonitor Server...
2022-11-21 08:53:36,259 INFO     Getting Port from settings.ini...
2022-11-21 08:53:36,259 INFO     Port acquired...
2022-11-21 08:53:36,259 INFO     Port: 45826...
2022-11-21 08:53:36,259 INFO     Setting HOST...
2022-11-21 08:53:36,259 INFO     HOST SET...
2022-11-21 08:53:36,259 INFO     HOST = 127.0.0.1...
2022-11-21 08:53:36,259 INFO     HOST:PORT = 127.0.0.1:45826
2022-11-21 08:53:36,260 INFO     BINDING...
2022-11-21 08:53:36,260 INFO     BOUND...
2022-11-21 08:53:36,260 INFO     LISTENING...
2022-11-21 08:54:18,869 INFO     --------------------------------------------------------------------------------
2022-11-21 08:54:18,869 INFO     TD5G Live Monitor - SERVER DIAGNOSTIC LOG INITIALIZED
2022-11-21 08:54:18,869 INFO     Reading settings.ini...
2022-11-21 08:54:18,870 INFO     Starting TDLiveMonitor Server...
2022-11-21 08:54:18,870 INFO     Getting Port from settings.ini...
2022-11-21 08:54:18,870 INFO     Port acquired...
2022-11-21 08:54:18,870 INFO     Port: 45826...
2022-11-21 08:54:18,870 INFO     Setting HOST...
2022-11-21 08:54:18,870 INFO     HOST SET...
2022-11-21 08:54:18,870 INFO     HOST = 127.0.0.1...
2022-11-21 08:54:18,870 INFO     HOST:PORT = 127.0.0.1:45826
2022-11-21 08:54:18,871 INFO     BINDING...
2022-11-21 08:54:18,871 INFO     BOUND...
2022-11-21 08:54:18,871 INFO     LISTENING...
2022-11-21 08:54:20,606 INFO     TD5G Live Monitor - server.py PROGRAM END
2022-11-21 08:54:20,607 INFO     --------------------------------------------------------------------------------
2022-11-21 08:55:02,911 INFO     --------------------------------------------------------------------------------
2022-11-21 08:55:02,911 INFO     TD5G Live Monitor - SERVER DIAGNOSTIC LOG INITIALIZED
2022-11-21 08:55:02,911 INFO     Reading settings.ini...
2022-11-21 08:55:02,911 INFO     Starting TDLiveMonitor Server...
2022-11-21 08:55:02,911 INFO     Getting Port from settings.ini...
2022-11-21 08:55:02,911 INFO     Port acquired...
2022-11-21 08:55:02,911 INFO     Port: 45826...
2022-11-21 08:55:02,911 INFO     Setting HOST...
2022-11-21 08:55:02,911 INFO     HOST SET...
2022-11-21 08:55:02,911 INFO     HOST = 127.0.0.1...
2022-11-21 08:55:02,911 INFO     HOST:PORT = 127.0.0.1:45826
2022-11-21 08:55:02,912 INFO     BINDING...
2022-11-21 08:55:02,912 INFO     BOUND...
2022-11-21 08:55:02,912 INFO     LISTENING...
2022-11-21 08:55:04,189 INFO     TD5G Live Monitor - server.py PROGRAM END
2022-11-21 08:55:04,189 INFO     --------------------------------------------------------------------------------
2022-11-21 08:55:57,957 INFO     --------------------------------------------------------------------------------
2022-11-21 08:55:57,957 INFO     TD5G Live Monitor - SERVER DIAGNOSTIC LOG INITIALIZED
2022-11-21 08:55:57,957 INFO     Reading settings.ini...
2022-11-21 08:55:57,957 INFO     Starting TDLiveMonitor Server...
2022-11-21 08:55:57,957 INFO     Getting Port from settings.ini...
2022-11-21 08:55:57,957 INFO     Port acquired...
2022-11-21 08:55:57,957 INFO     Port: 45826...
2022-11-21 08:55:57,957 INFO     Setting HOST...
2022-11-21 08:55:57,957 INFO     HOST SET...
2022-11-21 08:55:57,957 INFO     HOST = 127.0.0.1...
2022-11-21 08:55:57,957 INFO     HOST:PORT = 127.0.0.1:45826
2022-11-21 08:55:57,958 INFO     BINDING...
2022-11-21 08:55:57,958 INFO     BOUND...
2022-11-21 08:55:57,958 INFO     LISTENING...
2022-11-21 08:56:00,764 INFO     Incoming connection from: ('127.0.0.1', 30427)
2022-11-21 08:56:00,764 INFO     TD5G Live Monitor - server.py PROGRAM END
2022-11-21 08:56:00,764 INFO     --------------------------------------------------------------------------------
2022-11-21 08:58:28,369 INFO     --------------------------------------------------------------------------------
2022-11-21 08:58:28,369 INFO     TD5G Live Monitor - SERVER DIAGNOSTIC LOG INITIALIZED
2022-11-21 08:58:28,369 INFO     Reading settings.ini...
2022-11-21 08:58:28,370 INFO     Starting TDLiveMonitor Server...
2022-11-21 08:58:28,370 INFO     Getting Port from settings.ini...
2022-11-21 08:58:28,370 INFO     Port acquired...
2022-11-21 08:58:28,370 INFO     Port: 45826...
2022-11-21 08:58:28,370 INFO     Setting HOST...
2022-11-21 08:58:28,370 INFO     HOST SET...
2022-11-21 08:58:28,370 INFO     HOST = 127.0.0.1...
2022-11-21 08:58:28,370 INFO     HOST:PORT = 127.0.0.1:45826
2022-11-21 08:58:28,370 INFO     BINDING...
2022-11-21 08:58:28,371 INFO     BOUND...
2022-11-21 08:58:28,371 INFO     LISTENING...
2022-11-21 08:58:32,120 DEBUG    Incoming connection from: ('127.0.0.1', 30626)
2022-11-21 08:58:32,120 DEBUG    Connection accepted 
2022-11-21 08:58:33,111 DEBUG    Incoming connection from: ('127.0.0.1', 30627)
2022-11-21 08:58:33,111 DEBUG    Connection accepted 
2022-11-21 08:58:33,895 DEBUG    Incoming connection from: ('127.0.0.1', 30628)
2022-11-21 08:58:33,895 DEBUG    Connection accepted 
2022-11-21 08:58:34,570 DEBUG    Incoming connection from: ('127.0.0.1', 30629)
2022-11-21 08:58:34,570 DEBUG    Connection accepted 
2022-11-21 08:59:38,542 INFO     --------------------------------------------------------------------------------
2022-11-21 08:59:38,542 INFO     TD5G Live Monitor - SERVER DIAGNOSTIC LOG INITIALIZED
2022-11-21 08:59:38,542 INFO     Reading settings.ini...
2022-11-21 08:59:38,542 INFO     Starting TDLiveMonitor Server...
2022-11-21 08:59:38,543 INFO     Getting Port from settings.ini...
2022-11-21 08:59:38,543 INFO     Port acquired...
2022-11-21 08:59:38,543 INFO     Port: 45826...
2022-11-21 08:59:38,543 INFO     Setting HOST...
2022-11-21 08:59:38,543 INFO     HOST SET...
2022-11-21 08:59:38,543 INFO     HOST = 127.0.0.1...
2022-11-21 08:59:38,543 INFO     HOST:PORT = 127.0.0.1:45826
2022-11-21 08:59:38,543 INFO     BINDING...
2022-11-21 08:59:38,544 INFO     BOUND...
2022-11-21 08:59:38,544 INFO     LISTENING...
2022-11-21 08:59:41,969 DEBUG    Incoming connection from: ('127.0.0.1', 30726)
2022-11-21 08:59:41,969 DEBUG    Connection accepted and reply sent to ('127.0.0.1', 30726)
2022-11-21 08:59:41,969 DEBUG    Connection to ('127.0.0.1', 30726) closed.
2022-11-21 08:59:43,310 DEBUG    Incoming connection from: ('127.0.0.1', 30727)
2022-11-21 08:59:43,310 DEBUG    Connection accepted and reply sent to ('127.0.0.1', 30727)
2022-11-21 08:59:43,310 DEBUG    Connection to ('127.0.0.1', 30727) closed.
2022-11-21 08:59:44,192 DEBUG    Incoming connection from: ('127.0.0.1', 30728)
2022-11-21 08:59:44,192 DEBUG    Connection accepted and reply sent to ('127.0.0.1', 30728)
2022-11-21 08:59:44,192 DEBUG    Connection to ('127.0.0.1', 30728) closed.
2022-11-21 09:03:24,987 INFO     --------------------------------------------------------------------------------
2022-11-21 09:03:24,987 INFO     TD5G Live Monitor - SERVER DIAGNOSTIC LOG INITIALIZED
2022-11-21 09:03:24,987 INFO     Reading settings.ini...
2022-11-21 09:03:24,988 INFO     Starting TDLiveMonitor Server...
2022-11-21 09:03:24,988 INFO     Getting Port from settings.ini...
2022-11-21 09:03:24,988 INFO     Port acquired...
2022-11-21 09:03:24,988 INFO     Port: 45826...
2022-11-21 09:03:24,988 INFO     Setting HOST...
2022-11-21 09:03:24,988 INFO     HOST SET...
2022-11-21 09:03:24,988 INFO     HOST = 127.0.0.1...
2022-11-21 09:03:24,988 INFO     HOST:PORT = 127.0.0.1:45826
2022-11-21 09:03:33,190 INFO     --------------------------------------------------------------------------------
2022-11-21 09:03:33,191 INFO     TD5G Live Monitor - SERVER DIAGNOSTIC LOG INITIALIZED
2022-11-21 09:03:33,191 INFO     Reading settings.ini...
2022-11-21 09:03:33,191 INFO     Starting TDLiveMonitor Server...
2022-11-21 09:03:33,191 INFO     Getting Port from settings.ini...
2022-11-21 09:03:33,191 INFO     Port acquired...
2022-11-21 09:03:33,191 INFO     Port: 45826...
2022-11-21 09:03:33,191 INFO     Setting HOST...
2022-11-21 09:03:33,191 INFO     HOST SET...
2022-11-21 09:03:33,191 INFO     HOST = 127.0.0.1...
2022-11-21 09:03:33,191 INFO     HOST:PORT = 127.0.0.1:45826
2022-11-21 09:03:33,192 DEBUG    BINDING...
2022-11-21 09:03:33,192 DEBUG    BOUND...
2022-11-21 09:03:33,192 DEBUG    LISTENING...
2022-11-21 09:04:00,100 INFO     --------------------------------------------------------------------------------
2022-11-21 09:04:00,100 INFO     TD5G Live Monitor - SERVER DIAGNOSTIC LOG INITIALIZED
2022-11-21 09:04:00,100 INFO     Reading settings.ini...
2022-11-21 09:04:00,100 INFO     Starting TDLiveMonitor Server...
2022-11-21 09:04:00,101 INFO     Getting Port from settings.ini...
2022-11-21 09:04:00,101 INFO     Port acquired...
2022-11-21 09:04:00,101 INFO     Port: 45826...
2022-11-21 09:04:00,101 INFO     Setting HOST...
2022-11-21 09:04:00,101 INFO     HOST SET...
2022-11-21 09:04:00,101 INFO     HOST = 127.0.0.1...
2022-11-21 09:04:00,101 INFO     HOST:PORT = 127.0.0.1:45826
2022-11-21 09:04:00,101 DEBUG    BINDING...
2022-11-21 09:04:00,102 DEBUG    BOUND...
2022-11-21 09:04:00,102 DEBUG    LISTENING ON 127.0.0.1:45826...
2022-11-21 09:04:24,038 INFO     --------------------------------------------------------------------------------
2022-11-21 09:04:24,038 INFO     TD5G Live Monitor - SERVER DIAGNOSTIC LOG INITIALIZED
2022-11-21 09:04:24,038 INFO     Reading settings.ini...
2022-11-21 09:04:24,038 INFO     Starting TDLiveMonitor Server...
2022-11-21 09:04:24,038 INFO     Getting Port from settings.ini...
2022-11-21 09:04:24,038 INFO     Port acquired...
2022-11-21 09:04:24,039 INFO     Port: 45826...
2022-11-21 09:04:24,039 INFO     Setting HOST...
2022-11-21 09:04:24,039 INFO     HOST SET...
2022-11-21 09:04:24,039 INFO     HOST = 127.0.0.1...
2022-11-21 09:04:24,039 DEBUG    BINDING...
2022-11-21 09:04:24,040 DEBUG    BOUND...
2022-11-21 09:04:24,040 DEBUG    LISTENING ON 127.0.0.1:45826...
2022-11-21 12:30:04,789 INFO     --------------------------------------------------------------------------------
2022-11-21 12:30:04,789 INFO     TD5G Live Monitor - SERVER DIAGNOSTIC LOG INITIALIZED
2022-11-21 12:30:04,789 INFO     Reading settings.ini...
2022-11-21 12:30:04,791 INFO     Starting TDLiveMonitor Server...
2022-11-21 12:30:04,791 INFO     Getting Port from settings.ini...
2022-11-21 12:30:04,791 INFO     Port acquired...
2022-11-21 12:30:04,791 INFO     Port: 45826...
2022-11-21 12:30:04,791 INFO     Setting HOST...
2022-11-21 12:30:04,791 INFO     HOST SET...
2022-11-21 12:30:04,791 INFO     HOST = 127.0.0.1...
2022-11-21 12:30:04,791 INFO     GETTING CLIENT / HOST CHALLENGE
